mode: set
backend_course/lms/storage/postgres/postgres.go:18.76,24.16 3 0
backend_course/lms/storage/postgres/postgres.go:24.16,26.3 1 0
backend_course/lms/storage/postgres/postgres.go:27.2,31.16 4 0
backend_course/lms/storage/postgres/postgres.go:31.16,33.3 1 0
backend_course/lms/storage/postgres/postgres.go:35.2,37.8 1 0
backend_course/lms/storage/postgres/postgres.go:39.26,41.2 1 0
backend_course/lms/storage/postgres/postgres.go:43.56,46.2 2 0
backend_course/lms/storage/postgres/postgres.go:49.56,52.2 2 0
backend_course/lms/storage/postgres/student.go:18.47,22.2 1 1
backend_course/lms/storage/postgres/student.go:24.70,33.16 4 1
backend_course/lms/storage/postgres/student.go:33.16,35.3 1 0
backend_course/lms/storage/postgres/student.go:37.2,37.25 1 1
backend_course/lms/storage/postgres/student.go:40.70,50.16 3 1
backend_course/lms/storage/postgres/student.go:50.16,52.3 1 0
backend_course/lms/storage/postgres/student.go:53.2,53.24 1 1
backend_course/lms/storage/postgres/student.go:56.76,58.22 2 0
backend_course/lms/storage/postgres/student.go:58.22,60.3 1 0
backend_course/lms/storage/postgres/student.go:60.8,62.3 1 0
backend_course/lms/storage/postgres/student.go:63.2,73.16 4 0
backend_course/lms/storage/postgres/student.go:73.16,75.3 1 0
backend_course/lms/storage/postgres/student.go:76.2,76.24 1 0
backend_course/lms/storage/postgres/student.go:79.47,88.16 3 1
backend_course/lms/storage/postgres/student.go:88.16,90.3 1 0
backend_course/lms/storage/postgres/student.go:92.2,92.12 1 1
backend_course/lms/storage/postgres/student.go:95.103,100.22 4 1
backend_course/lms/storage/postgres/student.go:100.22,102.3 1 0
backend_course/lms/storage/postgres/student.go:104.2,112.16 3 1
backend_course/lms/storage/postgres/student.go:112.16,114.3 1 0
backend_course/lms/storage/postgres/student.go:115.2,115.18 1 1
backend_course/lms/storage/postgres/student.go:115.18,123.27 2 0
backend_course/lms/storage/postgres/student.go:123.27,125.4 1 0
backend_course/lms/storage/postgres/student.go:127.3,128.49 2 0
backend_course/lms/storage/postgres/student.go:131.2,132.16 2 1
backend_course/lms/storage/postgres/student.go:132.16,134.3 1 0
backend_course/lms/storage/postgres/student.go:136.2,136.18 1 1
backend_course/lms/storage/postgres/student.go:139.72,163.16 5 1
backend_course/lms/storage/postgres/student.go:163.16,165.3 1 1
backend_course/lms/storage/postgres/student.go:167.2,167.21 1 0
backend_course/lms/storage/postgres/teacher.go:18.47,22.2 1 0
backend_course/lms/storage/postgres/teacher.go:24.70,33.16 4 0
backend_course/lms/storage/postgres/teacher.go:33.16,35.3 1 0
backend_course/lms/storage/postgres/teacher.go:37.2,37.25 1 0
backend_course/lms/storage/postgres/teacher.go:40.70,50.16 3 0
backend_course/lms/storage/postgres/teacher.go:50.16,52.3 1 0
backend_course/lms/storage/postgres/teacher.go:53.2,53.24 1 0
backend_course/lms/storage/postgres/teacher.go:56.47,65.16 3 0
backend_course/lms/storage/postgres/teacher.go:65.16,67.3 1 0
backend_course/lms/storage/postgres/teacher.go:69.2,69.12 1 0
backend_course/lms/storage/postgres/teacher.go:72.103,77.22 4 0
backend_course/lms/storage/postgres/teacher.go:77.22,79.3 1 0
backend_course/lms/storage/postgres/teacher.go:81.2,89.16 3 0
backend_course/lms/storage/postgres/teacher.go:89.16,91.3 1 0
backend_course/lms/storage/postgres/teacher.go:92.2,92.18 1 0
backend_course/lms/storage/postgres/teacher.go:92.18,100.27 2 0
backend_course/lms/storage/postgres/teacher.go:100.27,102.4 1 0
backend_course/lms/storage/postgres/teacher.go:104.3,105.49 2 0
backend_course/lms/storage/postgres/teacher.go:108.2,109.16 2 0
backend_course/lms/storage/postgres/teacher.go:109.16,111.3 1 0
backend_course/lms/storage/postgres/teacher.go:113.2,113.18 1 0
backend_course/lms/storage/postgres/teacher.go:116.69,141.16 7 0
backend_course/lms/storage/postgres/teacher.go:141.16,143.3 1 0
backend_course/lms/storage/postgres/teacher.go:145.2,145.21 1 0
